<?xml version="1.0" encoding="UTF-8"?>
<!-- Generated by org.testng.reporters.JUnitReportReporter -->
<testsuite hostname="MT-5CD127785H" failures="0" tests="10" name="mindtree.BDDBigSmall.runnerClass.TestRunnerClass" time="166.418" errors="0" timestamp="21 Nov 2021 11:36:59 GMT">
  <testcase classname="mindtree.BDDBigSmall.runnerClass.TestRunnerClass" name="feature" time="10.092"/>
  <testcase classname="mindtree.BDDBigSmall.runnerClass.TestRunnerClass" name="feature" time="33.169"/>
  <testcase classname="mindtree.BDDBigSmall.runnerClass.TestRunnerClass" name="feature" time="14.552"/>
  <testcase classname="mindtree.BDDBigSmall.runnerClass.TestRunnerClass" name="feature" time="13.013"/>
  <testcase classname="mindtree.BDDBigSmall.runnerClass.TestRunnerClass" name="feature" time="13.314"/>
  <testcase classname="mindtree.BDDBigSmall.runnerClass.TestRunnerClass" name="feature" time="19.812"/>
  <testcase classname="mindtree.BDDBigSmall.runnerClass.TestRunnerClass" name="feature" time="16.266"/>
  <testcase classname="mindtree.BDDBigSmall.runnerClass.TestRunnerClass" name="feature" time="19.216"/>
  <testcase classname="mindtree.BDDBigSmall.runnerClass.TestRunnerClass" name="feature" time="14.163"/>
  <testcase classname="mindtree.BDDBigSmall.runnerClass.TestRunnerClass" name="feature" time="12.821"/>
</testsuite> <!-- mindtree.BDDBigSmall.runnerClass.TestRunnerClass -->
