<?xml version="1.0" encoding="UTF-8"?>
<!-- Generated by org.testng.reporters.JUnitReportReporter -->
<testsuite hostname="MT-5CD127785H" failures="0" tests="2" name="com.bigsmall.testCases.CODAvailablityTC" time="24.337" errors="0" timestamp="2021-11-23T13:33:38 IST" skipped="0">
  <testcase classname="com.bigsmall.testCases.CODAvailablityTC" name="pinCodeValidation" time="10.663"/>
  <system-out/>
  <testcase classname="com.bigsmall.testCases.CODAvailablityTC" name="pinCodeValidation" time="13.674"/>
  <system-out/>
</testsuite> <!-- com.bigsmall.testCases.CODAvailablityTC -->
