<?xml version="1.0" encoding="UTF-8"?>
<!-- Generated by org.testng.reporters.JUnitReportReporter -->
<testsuite hostname="MT-5CD127785H" failures="0" tests="1" name="com.bigsmall.testCases.GiftCardAutomation" time="15.249" errors="0" timestamp="2021-11-22T00:17:27 IST" skipped="0">
  <testcase classname="com.bigsmall.testCases.GiftCardAutomation" name="HomePage" time="15.249"/>
  <system-out/>
</testsuite> <!-- com.bigsmall.testCases.GiftCardAutomation -->
