<?xml version="1.0" encoding="UTF-8"?>
<!-- Generated by org.testng.reporters.JUnitReportReporter -->
<testsuite hostname="MT-5CD127785H" failures="0" tests="1" name="com.bigsmall.testCases.HoverHeader" time="22.183" errors="0" timestamp="2021-11-22T00:17:27 IST" skipped="0">
  <testcase classname="com.bigsmall.testCases.HoverHeader" name="hoverHeader" time="22.183"/>
  <system-out/>
</testsuite> <!-- com.bigsmall.testCases.HoverHeader -->
