<?xml version="1.0" encoding="UTF-8"?>
<!-- Generated by org.testng.reporters.JUnitReportReporter -->
<testsuite hostname="MT-5CD127785H" failures="0" tests="1" name="com.bigsmall.testCases.CorporateGiftsValidation" time="23.276" errors="0" timestamp="2021-11-22T00:17:27 IST" skipped="0">
  <testcase classname="com.bigsmall.testCases.CorporateGiftsValidation" name="corporateGifts" time="23.276"/>
  <system-out/>
</testsuite> <!-- com.bigsmall.testCases.CorporateGiftsValidation -->
