<?xml version="1.0" encoding="UTF-8"?>
<!-- Generated by org.testng.reporters.JUnitReportReporter -->
<testsuite hostname="MT-5CD127785H" failures="0" tests="1" name="com.bigsmall.testCases.SearchProductTC" time="10.902" errors="0" timestamp="2021-11-22T11:38:36 IST" skipped="0">
  <testcase classname="com.bigsmall.testCases.SearchProductTC" name="searchProduct" time="10.902"/>
  <system-out/>
</testsuite> <!-- com.bigsmall.testCases.SearchProductTC -->
