<?xml version="1.0" encoding="UTF-8"?>
<!-- Generated by org.testng.reporters.JUnitReportReporter -->
<testsuite hostname="MT-5CD127785H" failures="0" tests="2" name="com.bigsmall.testCases.CODAvailablityTC" time="44.015" errors="0" timestamp="2021-11-22T00:17:27 IST" skipped="0">
  <testcase classname="com.bigsmall.testCases.CODAvailablityTC" name="pinCodeValidation" time="20.883"/>
  <system-out/>
  <testcase classname="com.bigsmall.testCases.CODAvailablityTC" name="pinCodeValidation" time="23.132"/>
  <system-out/>
</testsuite> <!-- com.bigsmall.testCases.CODAvailablityTC -->
