<?xml version="1.0" encoding="UTF-8"?>
<!-- Generated by org.testng.reporters.JUnitReportReporter -->
<testsuite hostname="MT-5CD127785H" failures="0" tests="1" name="com.bigsmall.testCases.LogInValidation" time="18.836" errors="0" timestamp="2021-11-17T10:23:13 IST" skipped="0">
  <testcase classname="com.bigsmall.testCases.LogInValidation" name="login" time="18.836"/>
  <system-out/>
</testsuite> <!-- com.bigsmall.testCases.LogInValidation -->
