<?xml version="1.0" encoding="UTF-8"?>
<!-- Generated by org.testng.reporters.JUnitReportReporter -->
<testsuite hostname="MT-5CD127785H" failures="0" tests="1" name="com.bigsmall.testCases.AddToWishlist" time="21.924" errors="0" timestamp="2021-11-23T13:33:38 IST" skipped="0">
  <testcase classname="com.bigsmall.testCases.AddToWishlist" name="addToWishlist" time="21.924"/>
  <system-out/>
</testsuite> <!-- com.bigsmall.testCases.AddToWishlist -->
