<?xml version="1.0" encoding="UTF-8"?>
<!-- Generated by org.testng.reporters.JUnitReportReporter -->
<testsuite hostname="MT-5CD119LDW3" failures="0" tests="1" name="Mindtree.Hybrid_BigSmall.LogInValidation" time="21.030" errors="0" timestamp="2021-11-17T09:59:37 IST" skipped="0">
  <testcase classname="Mindtree.Hybrid_BigSmall.LogInValidation" name="login" time="21.030"/>
  <system-out/>
</testsuite> <!-- Mindtree.Hybrid_BigSmall.LogInValidation -->
